<?xml version="1.0" encoding="UTF-8"?>
<!-- Generated by org.testng.reporters.JUnitReportReporter -->
<testsuite hostname="Veerendra" failures="0" tests="4" name="api.tests.UserTests2" time="7.484" errors="0" timestamp="2024-07-19T19:04:16 IST" skipped="0">
  <testcase classname="api.tests.UserTests2" name="testCreateUser" time="3.003"/>
  <testcase classname="api.tests.UserTests2" name="testGetUser" time="1.177"/>
  <testcase classname="api.tests.UserTests2" name="testUpdateUser" time="2.212"/>
  <testcase classname="api.tests.UserTests2" name="testDeleteUser" time="1.092"/>
</testsuite> <!-- api.tests.UserTests2 -->
