<?xml version="1.0" encoding="UTF-8"?>
<!-- Generated by org.testng.reporters.JUnitReportReporter -->
<testsuite hostname="Veerendra" failures="0" tests="4" name="api.tests.UserTests" time="7.397" errors="0" timestamp="2024-07-19T18:31:21 IST" skipped="0">
  <testcase classname="api.tests.UserTests" name="testCreateUser" time="2.886"/>
  <testcase classname="api.tests.UserTests" name="testGetUser" time="1.128"/>
  <testcase classname="api.tests.UserTests" name="testUpdateUser" time="2.268"/>
  <testcase classname="api.tests.UserTests" name="testDeleteUser" time="1.115"/>
</testsuite> <!-- api.tests.UserTests -->
