<?xml version="1.0" encoding="UTF-8"?>
<!-- Generated by org.testng.reporters.JUnitReportReporter -->
<testsuite hostname="Veerendra" failures="0" tests="4" name="api.tests.UserTests2" time="10.958" errors="0" timestamp="2024-07-20T11:48:03 IST" skipped="0">
  <testcase classname="api.tests.UserTests2" name="testCreateUser" time="5.876"/>
  <testcase classname="api.tests.UserTests2" name="testGetUser" time="1.408"/>
  <testcase classname="api.tests.UserTests2" name="testUpdateUser" time="2.470"/>
  <testcase classname="api.tests.UserTests2" name="testDeleteUser" time="1.204"/>
</testsuite> <!-- api.tests.UserTests2 -->
